2020-11-30T13:25:17.392Z error: password authentication failed for user "OhadProjects"
2020-11-30T13:25:17.394Z error: Cannot connect to db. this could be fatal
2020-11-30T13:25:35.200Z error: password authentication failed for user "OhadDev"
2020-11-30T13:25:35.202Z error: Cannot connect to db. this could be fatal
2020-11-30T13:27:01.212Z error: password authentication failed for user "OhadDev"
2020-11-30T13:27:01.213Z error: Cannot connect to db. this could be fatal
2020-11-30T13:27:33.302Z error: password authentication failed for user "OhadDev"
2020-11-30T13:27:33.303Z error: Cannot connect to db. this could be fatal
2020-11-30T13:28:04.241Z error: password authentication failed for user "OhadProjects"
2020-11-30T13:28:04.242Z error: Cannot connect to db. this could be fatal
2020-11-30T13:30:10.451Z error: password authentication failed for user "OhadDev"
2020-11-30T13:30:10.452Z error: Cannot connect to db. this could be fatal
2020-11-30T13:31:00.383Z error: password authentication failed for user "OhadProjects"
2020-11-30T13:31:00.384Z error: Cannot connect to db. this could be fatal
2020-11-30T13:32:55.342Z error: password authentication failed for user "OhadProjects"
2020-11-30T13:32:55.343Z error: Cannot connect to db. this could be fatal
2020-11-30T13:33:34.995Z error: password authentication failed for user "OhadProjects"
2020-11-30T13:33:34.996Z error: Cannot connect to db. this could be fatal
2021-02-23T06:14:16.208Z error: getaddrinfo ENOTFOUND mongodb+srv://ohadsahar:ppd53brx@devconnector.tpymk.mongodb.net/myFirstDatabase?retryWrites=true&w=majority
2021-02-23T06:14:16.210Z error: Cannot connect to db. this could be fatal
2021-02-23T06:16:10.983Z error: Cannot connect to db. this could be fatal
2021-02-23T06:18:04.752Z error: Cannot connect to db. this could be fatal
2021-02-23T06:18:28.616Z error: Cannot connect to db. this could be fatal
2021-02-23T06:18:54.394Z error: Cannot connect to db. this could be fatal
2021-02-23T06:19:46.341Z error: mongoose.connect is not a function
2021-02-23T06:19:46.343Z error: Cannot connect to db. this could be fatal
2021-02-23T06:20:29.995Z error: mongoose.connect is not a function
2021-02-23T06:20:29.998Z error: Cannot connect to db. this could be fatal
2021-02-23T06:20:39.374Z error: Cannot connect to db. this could be fatal
2021-02-23T06:23:18.986Z error: Cannot connect to db. this could be fatal
2021-02-23T06:25:45.030Z error: Cannot connect to db. this could be fatal
2021-02-23T06:26:23.821Z error: Cannot connect to db. this could be fatal
2021-02-23T06:27:57.775Z error: Cannot connect to db. this could be fatal
2021-02-23T06:28:16.401Z error: Cannot connect to db. this could be fatal
2021-02-23T06:29:33.685Z error: Cannot connect to db. this could be fatal
2021-02-23T06:31:32.357Z error: Cannot connect to db. this could be fatal
2021-02-23T06:33:25.373Z error: password must be a string
2021-02-23T06:33:25.374Z error: Cannot connect to db. this could be fatal
2021-02-23T06:33:35.466Z error: password must be a string
2021-02-23T06:33:35.467Z error: Cannot connect to db. this could be fatal
2021-02-23T06:33:45.287Z error: Cannot connect to db. this could be fatal
2021-02-23T06:34:06.391Z error: Cannot connect to db. this could be fatal
2021-02-23T07:47:12.040Z error: User Already Exists
2021-02-23T07:47:12.041Z error: User Already Exists
2021-02-23T07:47:19.896Z error: User Already Exists
2021-02-23T07:47:19.897Z error: User Already Exists
2021-02-23T07:47:20.596Z error: User Already Exists
2021-02-23T07:47:20.597Z error: User Already Exists
2021-02-23T07:47:27.034Z error: User Already Exists
2021-02-23T07:47:27.034Z error: User Already Exists
2021-02-23T09:18:12.864Z error: User Already Exists
2021-02-23T09:18:12.865Z error: User Already Exists
2021-02-23T09:18:28.555Z error: User Already Exists
2021-02-23T09:18:28.556Z error: User Already Exists
2021-02-23T15:43:43.235Z error: User Already Exis ts
2021-02-23T15:43:43.236Z error: User Already Exists
2021-02-23T15:54:23.982Z error: User Already Exis ts
2021-02-23T15:54:23.984Z error: User Already Exists
2021-02-23T16:25:19.783Z error: error authenticating jwt
2021-02-23T16:25:19.784Z error: no data
2021-02-23T16:25:30.722Z error: error authenticating jwt
2021-02-23T16:25:30.723Z error: no data
2021-02-23T16:25:47.253Z error: error authenticating jwt
2021-02-23T16:25:47.254Z error: no data
2021-02-23T16:25:48.230Z error: error authenticating jwt
2021-02-23T16:25:48.231Z error: no data
2021-02-23T16:26:34.929Z error: User wasn't found
2021-02-23T16:26:34.932Z error: No user with id6035252a390a8ba2570da4ca
2021-02-23T16:26:34.936Z error: error authenticating jwt
2021-02-23T16:26:34.937Z error: no data
2021-02-23T16:26:35.859Z error: User wasn't found
2021-02-23T16:26:35.861Z error: No user with id6035252a390a8ba2570da4ca
2021-02-23T16:26:35.863Z error: error authenticating jwt
2021-02-23T16:26:35.863Z error: no data
2021-02-23T16:26:51.445Z error: User wasn't found
2021-02-23T16:26:51.446Z error: No user with id6035252a390a8ba2570da4ca
2021-02-23T16:26:51.449Z error: error authenticating jwt
2021-02-23T16:26:51.450Z error: no data
2021-02-23T16:26:55.178Z error: User wasn't found
2021-02-23T16:26:55.179Z error: No user with id6035252a390a8ba2570da4ca
2021-02-23T16:26:55.181Z error: error authenticating jwt
2021-02-23T16:26:55.185Z error: no data
2021-02-23T16:27:26.597Z error: User wasn't found
2021-02-23T16:27:26.598Z error: No user with id6035252a390a8ba2570da4ca
2021-02-23T16:27:26.602Z error: error authenticating jwt
2021-02-23T16:27:26.602Z error: no data
2021-02-23T16:37:42.987Z error: User wasn't found
2021-02-23T16:37:42.990Z error: No user with id6035252a390a8ba2570da4ca
2021-02-23T16:37:43.001Z error: error authenticating jwt
2021-02-23T16:37:43.001Z error: no data
2021-02-23T17:39:58.106Z error: Profile Not Exists
2021-02-23T17:39:58.107Z error: Profile Wont Exists
2021-02-23T17:43:59.306Z error: Profile Not Exists
2021-02-23T17:43:59.308Z error: Profile Wont Exists
2021-02-24T15:59:49.288Z error: unallowed option
2021-02-24T15:59:49.289Z error: Un allowed
2021-02-24T18:05:25.410Z error: Liked this post
2021-02-24T18:05:25.411Z error: Liked this post
2021-02-24T18:05:26.486Z error: Liked this post
2021-02-24T18:05:26.488Z error: Liked this post
2021-02-24T18:05:27.394Z error: Liked this post
2021-02-24T18:05:27.394Z error: Liked this post
2021-03-10T06:26:31.757Z error: User wasn't found
2021-03-10T06:26:31.758Z error: No user with id6035252a390a8ba2570da4ca
2021-03-10T06:26:31.769Z error: error authenticating jwt
2021-03-10T06:26:31.770Z error: no data
2021-03-10T06:26:38.027Z error: Username or password are invalid
2021-03-10T06:26:38.028Z error: wrong credentials
2021-03-10T06:27:01.131Z error: User wasn't found
2021-03-10T06:27:01.132Z error: No user with id6035252a390a8ba2570da4ca
2021-03-10T06:27:01.136Z error: error authenticating jwt
2021-03-10T06:27:01.137Z error: no data
2021-03-10T07:07:09.824Z error: User wasn't found
2021-03-10T07:07:09.824Z error: No user with id6035252a390a8ba2570da4ca
2021-03-10T07:07:09.825Z error: error authenticating jwt
2021-03-10T07:07:09.826Z error: no data
2021-03-11T14:48:23.257Z error: User Already Exis ts
2021-03-11T14:48:23.268Z error: User Already Exists
2021-03-11T16:18:11.130Z error: User Already Exis ts
2021-03-11T16:18:11.131Z error: User Already Exists
2021-03-11T16:18:12.103Z error: User Already Exis ts
2021-03-11T16:18:12.106Z error: User Already Exists
2021-03-11T16:18:59.482Z error: User Already Exis ts
2021-03-11T16:18:59.483Z error: User Already Exists
2021-03-11T16:19:17.181Z error: User Already Exis ts
2021-03-11T16:19:17.182Z error: User Already Exists
2021-03-11T16:21:15.853Z error: User Already Exis ts
2021-03-11T16:21:15.854Z error: User Already Exists
2021-03-11T16:21:49.316Z error: User Already Exis ts
2021-03-11T16:21:49.318Z error: User Already Exists
2021-03-11T16:21:50.532Z error: User Already Exis ts
2021-03-11T16:21:50.533Z error: User Already Exists
2021-03-11T16:21:51.201Z error: User Already Exis ts
2021-03-11T16:21:51.203Z error: User Already Exists
2021-03-11T16:22:12.871Z error: User Already Exis ts
2021-03-11T16:22:12.873Z error: User Already Exists
2021-03-11T16:22:13.606Z error: User Already Exis ts
2021-03-11T16:22:13.607Z error: User Already Exists
2021-03-11T16:22:33.437Z error: User Already Exis ts
2021-03-11T16:22:33.439Z error: User Already Exists
2021-03-11T16:22:40.148Z error: User Already Exis ts
2021-03-11T16:22:40.149Z error: User Already Exists
2021-03-11T16:24:13.094Z error: User Already Exis ts
2021-03-11T16:24:13.096Z error: User Already Exists
2021-03-11T16:25:37.763Z error: User Already Exis ts
2021-03-11T16:25:37.765Z error: User Already Exists
2021-03-11T16:26:23.624Z error: User Already Exis ts
2021-03-11T16:26:23.625Z error: User Already Exists
2021-03-11T16:26:29.964Z error: User Already Exis ts
2021-03-11T16:26:29.966Z error: User Already Exists
2021-03-11T16:26:48.234Z error: User Already Exis ts
2021-03-11T16:26:48.235Z error: User Already Exists
2021-03-11T16:26:51.159Z error: User Already Exis ts
2021-03-11T16:26:51.159Z error: User Already Exists
2021-03-11T16:26:51.316Z error: User Already Exis ts
2021-03-11T16:26:51.316Z error: User Already Exists
2021-03-11T16:26:56.232Z error: User Already Exis ts
2021-03-11T16:26:56.233Z error: User Already Exists
2021-03-11T16:27:20.253Z error: User Already Exis ts
2021-03-11T16:27:20.255Z error: User Already Exists
2021-03-11T16:58:07.869Z error: User Already Exis ts
2021-03-11T16:58:07.870Z error: User Already Exists
2021-03-11T17:20:42.675Z error: error authenticating jwt
2021-03-11T17:20:42.676Z error: no data
2021-03-11T17:20:45.162Z error: error authenticating jwt
2021-03-11T17:20:45.163Z error: no data
2021-03-11T17:21:08.338Z error: error authenticating jwt
2021-03-11T17:21:08.341Z error: no data
2021-03-11T17:22:15.665Z error: User Already Exis ts
2021-03-11T17:22:15.667Z error: User Already Exists
2021-03-11T17:22:32.618Z error: error authenticating jwt
2021-03-11T17:22:32.619Z error: no data
2021-03-11T17:22:45.670Z error: User Already Exis ts
2021-03-11T17:22:45.671Z error: User Already Exists
2021-03-11T17:23:13.008Z error: error authenticating jwt
2021-03-11T17:23:13.010Z error: no data
2021-03-11T17:23:20.727Z error: error authenticating jwt
2021-03-11T17:23:20.728Z error: no data
2021-03-11T17:23:27.747Z error: error authenticating jwt
2021-03-11T17:23:27.748Z error: no data
2021-03-11T17:24:01.440Z error: error authenticating jwt
2021-03-11T17:24:01.443Z error: no data
2021-03-11T17:25:17.620Z error: error authenticating jwt
2021-03-11T17:25:17.625Z error: no data
2021-03-11T17:25:55.201Z error: error authenticating jwt
2021-03-11T17:25:55.203Z error: no data
2021-03-11T17:26:31.969Z error: error authenticating jwt
2021-03-11T17:26:31.970Z error: no data
2021-03-11T17:26:44.915Z error: error authenticating jwt
2021-03-11T17:26:44.916Z error: no data
2021-03-11T17:30:54.725Z error: error authenticating jwt
2021-03-11T17:30:54.727Z error: no data
2021-03-11T17:30:56.858Z error: error authenticating jwt
2021-03-11T17:30:56.860Z error: no data
2021-03-11T17:31:06.066Z error: error authenticating jwt
2021-03-11T17:31:06.067Z error: no data
2021-03-11T17:31:13.129Z error: error authenticating jwt
2021-03-11T17:31:13.131Z error: no data
2021-03-11T17:31:14.984Z error: error authenticating jwt
2021-03-11T17:31:14.985Z error: no data
2021-03-12T06:29:48.656Z error: error authenticating jwt
2021-03-12T06:29:48.658Z error: no data
2021-03-12T06:29:52.919Z error: error authenticating jwt
2021-03-12T06:29:52.921Z error: no data
2021-03-12T06:30:28.630Z error: error authenticating jwt
2021-03-12T06:30:28.631Z error: no data
2021-03-12T06:32:50.303Z error: Username or password are invalid
2021-03-12T06:32:50.304Z error: wrong credentials
2021-03-12T06:32:51.160Z error: Username or password are invalid
2021-03-12T06:32:51.160Z error: wrong credentials
2021-03-12T06:32:51.998Z error: Username or password are invalid
2021-03-12T06:32:51.999Z error: wrong credentials
2021-03-12T06:33:15.178Z error: error authenticating jwt
2021-03-12T06:33:15.180Z error: no data
2021-03-12T06:33:16.496Z error: Username or password are invalid
2021-03-12T06:33:16.497Z error: wrong credentials
2021-03-12T06:33:18.541Z error: Username or password are invalid
2021-03-12T06:33:18.542Z error: wrong credentials
2021-03-12T06:34:43.838Z error: error authenticating jwt
2021-03-12T06:34:43.840Z error: no data
2021-03-12T06:34:48.233Z error: Username or password are invalid
2021-03-12T06:34:48.233Z error: wrong credentials
2021-03-12T06:35:31.166Z error: Username or password are invalid
2021-03-12T06:35:31.167Z error: wrong credentials
2021-03-12T06:36:27.813Z error: Username or password are invalid
2021-03-12T06:36:27.815Z error: wrong credentials
2021-03-12T06:36:46.654Z error: Username or password are invalid
2021-03-12T06:36:46.656Z error: wrong credentials
2021-03-12T06:37:08.555Z error: error authenticating jwt
2021-03-12T06:37:08.557Z error: no data
2021-03-12T07:08:45.923Z error: error authenticating jwt
2021-03-12T07:08:45.925Z error: no data
2021-03-12T07:08:58.571Z error: error authenticating jwt
2021-03-12T07:08:58.575Z error: no data
2021-03-12T07:11:14.934Z error: error authenticating jwt
2021-03-12T07:11:14.935Z error: no data
2021-03-12T07:32:01.331Z error: error authenticating jwt
2021-03-12T07:32:01.333Z error: no data
2021-03-12T09:54:40.237Z error: Profile Not Exists
2021-03-12T09:54:40.239Z error: Profile Wont Exists
2021-03-12T09:54:42.720Z error: error authenticating jwt
2021-03-12T09:54:42.721Z error: no data
2021-03-12T09:54:54.860Z error: Profile Not Exists
2021-03-12T09:54:54.861Z error: Profile Wont Exists
2021-03-12T09:55:42.994Z error: error authenticating jwt
2021-03-12T09:55:42.996Z error: no data
2021-03-12T09:55:43.013Z error: error authenticating jwt
2021-03-12T09:55:43.014Z error: no data
2021-03-12T09:55:55.083Z error: error authenticating jwt
2021-03-12T09:55:55.084Z error: no data
2021-03-12T09:55:55.095Z error: error authenticating jwt
2021-03-12T09:55:55.096Z error: no data
2021-03-12T09:56:01.964Z error: error authenticating jwt
2021-03-12T09:56:01.965Z error: no data
2021-03-12T09:56:01.974Z error: error authenticating jwt
2021-03-12T09:56:01.975Z error: no data
2021-03-12T09:56:17.532Z error: error authenticating jwt
2021-03-12T09:56:17.533Z error: no data
2021-03-12T09:56:17.542Z error: error authenticating jwt
2021-03-12T09:56:17.543Z error: no data
2021-03-12T09:58:07.485Z error: Profile Not Exists
2021-03-12T09:58:07.486Z error: Profile Wont Exists
2021-03-12T09:58:07.499Z error: error authenticating jwt
2021-03-12T09:58:07.502Z error: no data
2021-03-12T10:01:06.723Z error: error authenticating jwt
2021-03-12T10:01:06.724Z error: no data
2021-03-12T10:01:30.622Z error: error authenticating jwt
2021-03-12T10:01:30.624Z error: no data
2021-03-12T10:01:41.967Z error: error authenticating jwt
2021-03-12T10:01:41.970Z error: no data
2021-03-12T10:01:54.942Z error: error authenticating jwt
2021-03-12T10:01:54.944Z error: no data
2021-03-12T10:02:10.212Z error: error authenticating jwt
2021-03-12T10:02:10.215Z error: no data
2021-03-12T10:02:32.293Z error: Profile Not Exists
2021-03-12T10:02:32.294Z error: Profile Wont Exists
2021-03-12T10:02:34.459Z error: error authenticating jwt
2021-03-12T10:02:34.462Z error: no data
2021-03-12T10:02:44.136Z error: error authenticating jwt
2021-03-12T10:02:44.136Z error: no data
2021-03-12T10:03:20.566Z error: error authenticating jwt
2021-03-12T10:03:20.567Z error: no data
2021-03-12T10:03:37.964Z error: error authenticating jwt
2021-03-12T10:03:37.965Z error: no data
2021-03-12T10:04:14.688Z error: error authenticating jwt
2021-03-12T10:04:14.690Z error: no data
2021-03-12T10:04:26.749Z error: Profile Not Exists
2021-03-12T10:04:26.750Z error: Profile Wont Exists
2021-03-12T10:17:50.342Z error: error authenticating jwt
2021-03-12T10:17:50.343Z error: no data
2021-03-12T10:17:51.120Z error: error authenticating jwt
2021-03-12T10:17:51.120Z error: no data
2021-03-12T10:18:13.512Z error: Profile Not Exists
2021-03-12T10:18:13.514Z error: Profile Wont Exists
2021-03-12T10:18:28.930Z error: error authenticating jwt
2021-03-12T10:18:28.931Z error: no data
2021-03-12T10:19:02.450Z error: Profile Not Exists
2021-03-12T10:19:02.452Z error: Profile Wont Exists
2021-03-12T10:20:59.794Z error: error authenticating jwt
2021-03-12T10:20:59.794Z error: no data
2021-03-12T10:21:02.319Z error: error authenticating jwt
2021-03-12T10:21:02.320Z error: no data
2021-03-12T10:21:03.901Z error: error authenticating jwt
2021-03-12T10:21:03.901Z error: no data
2021-03-12T10:21:07.433Z error: Profile Not Exists
2021-03-12T10:21:07.434Z error: Profile Wont Exists
2021-03-12T10:21:14.713Z error: Profile Not Exists
2021-03-12T10:21:14.714Z error: Profile Wont Exists
2021-03-12T10:21:22.682Z error: Profile Not Exists
2021-03-12T10:21:22.683Z error: Profile Wont Exists
2021-03-12T10:21:25.234Z error: error authenticating jwt
2021-03-12T10:21:25.235Z error: no data
2021-03-12T10:21:37.286Z error: Profile Not Exists
2021-03-12T10:21:37.286Z error: Profile Wont Exists
2021-03-12T10:21:40.706Z error: error authenticating jwt
2021-03-12T10:21:40.707Z error: no data
2021-03-12T10:25:32.775Z error: Profile Not Exists
2021-03-12T10:25:32.777Z error: Profile Wont Exists
2021-03-12T10:27:16.756Z error: Profile Not Exists
2021-03-12T10:27:16.757Z error: Profile Wont Exists
2021-03-12T10:28:18.387Z error: Profile Not Exists
2021-03-12T10:28:18.389Z error: Profile Wont Exists
2021-03-12T10:28:46.300Z error: error authenticating jwt
2021-03-12T10:28:46.301Z error: no data
2021-03-12T10:30:24.841Z error: error authenticating jwt
2021-03-12T10:30:24.842Z error: no data
2021-03-12T10:30:37.596Z error: error authenticating jwt
2021-03-12T10:30:37.597Z error: no data
2021-03-12T10:30:44.950Z error: error authenticating jwt
2021-03-12T10:30:44.950Z error: no data
2021-03-12T10:31:48.581Z error: error authenticating jwt
2021-03-12T10:31:48.583Z error: no data
2021-03-12T10:31:57.068Z error: error authenticating jwt
2021-03-12T10:31:57.072Z error: no data
2021-03-12T10:32:09.678Z error: error authenticating jwt
2021-03-12T10:32:09.679Z error: no data
2021-03-12T10:33:38.548Z error: error authenticating jwt
2021-03-12T10:33:38.549Z error: no data
2021-03-12T10:33:49.087Z error: error authenticating jwt
2021-03-12T10:33:49.089Z error: no data
2021-03-12T10:34:13.136Z error: error authenticating jwt
2021-03-12T10:34:13.138Z error: no data
2021-03-12T10:34:18.868Z error: error authenticating jwt
2021-03-12T10:34:18.869Z error: no data
2021-03-12T10:35:03.988Z error: error authenticating jwt
2021-03-12T10:35:03.990Z error: no data
2021-03-12T10:35:06.752Z error: error authenticating jwt
2021-03-12T10:35:06.753Z error: no data
2021-03-12T10:35:41.189Z error: error authenticating jwt
2021-03-12T10:35:41.189Z error: no data
2021-03-12T10:36:18.583Z error: error authenticating jwt
2021-03-12T10:36:18.584Z error: no data
2021-03-12T10:36:44.205Z error: error authenticating jwt
2021-03-12T10:36:44.205Z error: no data
2021-03-12T10:36:56.669Z error: error authenticating jwt
2021-03-12T10:36:56.669Z error: no data
2021-03-12T10:37:28.101Z error: error authenticating jwt
2021-03-12T10:37:28.102Z error: no data
2021-03-12T10:37:37.813Z error: error authenticating jwt
2021-03-12T10:37:37.813Z error: no data
2021-03-12T10:37:52.017Z error: error authenticating jwt
2021-03-12T10:37:52.018Z error: no data
2021-03-12T10:37:53.729Z error: error authenticating jwt
2021-03-12T10:37:53.730Z error: no data
2021-03-12T10:38:12.911Z error: error authenticating jwt
2021-03-12T10:38:12.912Z error: no data
2021-03-12T10:38:24.653Z error: error authenticating jwt
2021-03-12T10:38:24.654Z error: no data
2021-03-12T10:38:32.279Z error: error authenticating jwt
2021-03-12T10:38:32.280Z error: no data
2021-03-12T10:39:03.894Z error: error authenticating jwt
2021-03-12T10:39:03.895Z error: no data
2021-03-12T10:39:04.726Z error: error authenticating jwt
2021-03-12T10:39:04.726Z error: no data
2021-03-12T10:39:17.962Z error: error authenticating jwt
2021-03-12T10:39:17.963Z error: no data
2021-03-12T10:39:28.638Z error: error authenticating jwt
2021-03-12T10:39:28.639Z error: no data
2021-03-12T10:39:40.277Z error: error authenticating jwt
2021-03-12T10:39:40.278Z error: no data
2021-03-12T10:39:47.148Z error: error authenticating jwt
2021-03-12T10:39:47.149Z error: no data
2021-03-12T10:40:16.023Z error: error authenticating jwt
2021-03-12T10:40:16.024Z error: no data
2021-03-12T10:40:44.823Z error: error authenticating jwt
2021-03-12T10:40:44.825Z error: no data
2021-03-12T10:40:47.198Z error: error authenticating jwt
2021-03-12T10:40:47.199Z error: no data
2021-03-12T10:41:29.925Z error: error authenticating jwt
2021-03-12T10:41:29.929Z error: no data
2021-03-12T10:41:55.090Z error: error authenticating jwt
2021-03-12T10:41:55.092Z error: no data
2021-03-12T10:42:19.072Z error: error authenticating jwt
2021-03-12T10:42:19.074Z error: no data
2021-03-12T10:42:50.509Z error: error authenticating jwt
2021-03-12T10:42:50.510Z error: no data
2021-03-12T10:48:52.197Z error: error authenticating jwt
2021-03-12T10:48:52.198Z error: no data
2021-03-12T10:51:05.366Z error: error authenticating jwt
2021-03-12T10:51:05.367Z error: no data
2021-03-12T10:51:36.665Z error: Profile Not Exists
2021-03-12T10:51:36.669Z error: Profile Wont Exists
2021-03-12T10:51:57.283Z error: Profile Not Exists
2021-03-12T10:51:57.284Z error: Profile Wont Exists
2021-03-12T10:54:28.418Z error: Profile Not Exists
2021-03-12T10:54:28.419Z error: Profile Wont Exists
2021-03-12T10:55:45.853Z error: Profile Not Exists
2021-03-12T10:55:45.854Z error: Profile Wont Exists
2021-03-12T13:41:14.753Z error: Profile Not Exists
2021-03-12T13:41:14.754Z error: Profile Wont Exists
2021-03-12T13:41:54.375Z error: Profile Not Exists
2021-03-12T13:41:54.376Z error: Profile Wont Exists
2021-03-12T14:22:36.480Z error: Profile Not Exists
2021-03-12T14:22:36.481Z error: Profile Wont Exists
2021-03-12T14:56:54.118Z error: Profile Not Exists
2021-03-12T14:56:54.119Z error: Profile Wont Exists
2021-03-12T14:56:57.088Z error: Profile Not Exists
2021-03-12T14:56:57.090Z error: Profile Wont Exists
2021-03-12T14:57:43.238Z error: Profile Not Exists
2021-03-12T14:57:43.239Z error: Profile Wont Exists
2021-03-12T15:06:27.451Z error: Profile Not Exists
2021-03-12T15:06:27.453Z error: Profile Wont Exists
2021-03-12T15:07:06.443Z error: Profile Not Exists
2021-03-12T15:07:06.444Z error: Profile Wont Exists
2021-03-12T15:08:09.195Z error: Profile Not Exists
2021-03-12T15:08:09.196Z error: Profile Wont Exists
2021-03-12T15:08:18.866Z error: Profile Not Exists
2021-03-12T15:08:18.867Z error: Profile Wont Exists
2021-03-13T10:50:29.899Z error: error authenticating jwt
2021-03-13T10:50:29.902Z error: no data
2021-03-14T05:44:26.109Z error: User Already Exis ts
2021-03-14T05:44:26.112Z error: User Already Exists
2021-03-14T05:44:34.740Z error: Profile Not Exists
2021-03-14T05:44:34.741Z error: Profile Wont Exists
